[debug] [2023-06-21T06:16:20.612Z] ----------------------------------------------------------------------
[debug] [2023-06-21T06:16:20.614Z] Command:       C:\Program Files\nodejs\node.exe C:\Users\vulta\AppData\Roaming\npm\node_modules\firebase-tools\lib\bin\firebase.js init
[debug] [2023-06-21T06:16:20.615Z] CLI Version:   12.4.0
[debug] [2023-06-21T06:16:20.615Z] Platform:      win32
[debug] [2023-06-21T06:16:20.615Z] Node Version:  v18.16.0
[debug] [2023-06-21T06:16:20.616Z] Time:          Wed Jun 21 2023 11:46:20 GMT+0530 (India Standard Time)
[debug] [2023-06-21T06:16:20.617Z] ----------------------------------------------------------------------
[debug] 
[debug] [2023-06-21T06:16:20.728Z] > command requires scopes: ["email","openid","https://www.googleapis.com/auth/cloudplatformprojects.readonly","https://www.googleapis.com/auth/firebase","https://www.googleapis.com/auth/cloud-platform"]
[debug] [2023-06-21T06:16:20.729Z] > authorizing via signed-in user (maazkhan4574@gmail.com)
[info] 
     ######## #### ########  ######## ########     ###     ######  ########
     ##        ##  ##     ## ##       ##     ##  ##   ##  ##       ##
     ######    ##  ########  ######   ########  #########  ######  ######
     ##        ##  ##    ##  ##       ##     ## ##     ##       ## ##
     ##       #### ##     ## ######## ########  ##     ##  ######  ########

You're about to initialize a Firebase project in this directory:

  C:\Users\vulta\Desktop\Github\firebase-blog

Before we get started, keep in mind:

  * You are initializing within an existing Firebase project directory

[info] 
=== Project Setup
[info] 
[info] First, let's associate this project directory with a Firebase project.
[info] You can create multiple project aliases by running firebase use --add, 
[info] but for now we'll just set up a default project.
[info] 
[debug] [2023-06-21T06:16:38.551Z] Using project from CLI flag: react-blogs-app
[debug] [2023-06-21T06:16:38.555Z] >>> [apiv2][query] GET https://firebase.googleapis.com/v1beta1/projects/react-blogs-app [none]
[debug] [2023-06-21T06:16:39.365Z] <<< [apiv2][status] GET https://firebase.googleapis.com/v1beta1/projects/react-blogs-app 403
[debug] [2023-06-21T06:16:39.365Z] <<< [apiv2][body] GET https://firebase.googleapis.com/v1beta1/projects/react-blogs-app {"error":{"code":403,"message":"The caller does not have permission","status":"PERMISSION_DENIED"}}
[debug] [2023-06-21T06:16:39.366Z] HTTP Error: 403, The caller does not have permission
[debug] [2023-06-21T06:16:39.894Z] FirebaseError: HTTP Error: 403, The caller does not have permission
    at responseToError (C:\Users\vulta\AppData\Roaming\npm\node_modules\firebase-tools\lib\responseToError.js:49:12)
    at RetryOperation._fn (C:\Users\vulta\AppData\Roaming\npm\node_modules\firebase-tools\lib\apiv2.js:288:77)
    at process.processTicksAndRejections (node:internal/process/task_queues:95:5)
[error] 
[error] Error: Failed to get Firebase project react-blogs-app. Please make sure the project exists and your account has permission to access it.
[debug] [2023-06-21T06:19:07.137Z] ----------------------------------------------------------------------
[debug] [2023-06-21T06:19:07.139Z] Command:       C:\Program Files\nodejs\node.exe C:\Users\vulta\AppData\Roaming\npm\node_modules\firebase-tools\lib\bin\firebase.js init
[debug] [2023-06-21T06:19:07.140Z] CLI Version:   12.4.0
[debug] [2023-06-21T06:19:07.140Z] Platform:      win32
[debug] [2023-06-21T06:19:07.140Z] Node Version:  v18.16.0
[debug] [2023-06-21T06:19:07.150Z] Time:          Wed Jun 21 2023 11:49:07 GMT+0530 (India Standard Time)
[debug] [2023-06-21T06:19:07.150Z] ----------------------------------------------------------------------
[debug] 
[debug] [2023-06-21T06:19:07.255Z] > command requires scopes: ["email","openid","https://www.googleapis.com/auth/cloudplatformprojects.readonly","https://www.googleapis.com/auth/firebase","https://www.googleapis.com/auth/cloud-platform"]
[debug] [2023-06-21T06:19:07.256Z] > authorizing via signed-in user (maazkhan4574@gmail.com)
[info] 
     ######## #### ########  ######## ########     ###     ######  ########
     ##        ##  ##     ## ##       ##     ##  ##   ##  ##       ##
     ######    ##  ########  ######   ########  #########  ######  ######
     ##        ##  ##    ##  ##       ##     ## ##     ##       ## ##
     ##       #### ##     ## ######## ########  ##     ##  ######  ########

You're about to initialize a Firebase project in this directory:

  C:\Users\vulta\Desktop\Github\firebase-blog

Before we get started, keep in mind:

  * You are initializing within an existing Firebase project directory

[info] 
=== Project Setup
[info] 
[info] First, let's associate this project directory with a Firebase project.
[info] You can create multiple project aliases by running firebase use --add, 
[info] but for now we'll just set up a default project.
[info] 
[debug] [2023-06-21T06:19:23.670Z] Using project from CLI flag: react-blogs-app
[debug] [2023-06-21T06:19:23.673Z] >>> [apiv2][query] GET https://firebase.googleapis.com/v1beta1/projects/react-blogs-app [none]
[debug] [2023-06-21T06:19:24.676Z] <<< [apiv2][status] GET https://firebase.googleapis.com/v1beta1/projects/react-blogs-app 403
[debug] [2023-06-21T06:19:24.677Z] <<< [apiv2][body] GET https://firebase.googleapis.com/v1beta1/projects/react-blogs-app {"error":{"code":403,"message":"The caller does not have permission","status":"PERMISSION_DENIED"}}
[debug] [2023-06-21T06:19:24.678Z] HTTP Error: 403, The caller does not have permission
[debug] [2023-06-21T06:19:25.274Z] FirebaseError: HTTP Error: 403, The caller does not have permission
    at responseToError (C:\Users\vulta\AppData\Roaming\npm\node_modules\firebase-tools\lib\responseToError.js:49:12)
    at RetryOperation._fn (C:\Users\vulta\AppData\Roaming\npm\node_modules\firebase-tools\lib\apiv2.js:288:77)
    at process.processTicksAndRejections (node:internal/process/task_queues:95:5)
[error] 
[error] Error: Failed to get Firebase project react-blogs-app. Please make sure the project exists and your account has permission to access it.
[debug] [2023-06-21T06:22:21.291Z] ----------------------------------------------------------------------
[debug] [2023-06-21T06:22:21.295Z] Command:       C:\Program Files\nodejs\node.exe C:\Users\vulta\AppData\Roaming\npm\node_modules\firebase-tools\lib\bin\firebase.js init
[debug] [2023-06-21T06:22:21.295Z] CLI Version:   12.4.0
[debug] [2023-06-21T06:22:21.296Z] Platform:      win32
[debug] [2023-06-21T06:22:21.296Z] Node Version:  v18.16.0
[debug] [2023-06-21T06:22:21.298Z] Time:          Wed Jun 21 2023 11:52:21 GMT+0530 (India Standard Time)
[debug] [2023-06-21T06:22:21.298Z] ----------------------------------------------------------------------
[debug] 
[debug] [2023-06-21T06:22:21.410Z] > command requires scopes: ["email","openid","https://www.googleapis.com/auth/cloudplatformprojects.readonly","https://www.googleapis.com/auth/firebase","https://www.googleapis.com/auth/cloud-platform"]
[debug] [2023-06-21T06:22:21.411Z] > authorizing via signed-in user (maazkhan4574@gmail.com)
[info] 
     ######## #### ########  ######## ########     ###     ######  ########
     ##        ##  ##     ## ##       ##     ##  ##   ##  ##       ##
     ######    ##  ########  ######   ########  #########  ######  ######
     ##        ##  ##    ##  ##       ##     ## ##     ##       ## ##
     ##       #### ##     ## ######## ########  ##     ##  ######  ########

You're about to initialize a Firebase project in this directory:

  C:\Users\vulta\Desktop\Github\firebase-blog

Before we get started, keep in mind:

  * You are initializing within an existing Firebase project directory

[info] 
=== Project Setup
[info] 
[info] First, let's associate this project directory with a Firebase project.
[info] You can create multiple project aliases by running firebase use --add, 
[info] but for now we'll just set up a default project.
[info] 
[debug] [2023-06-21T06:22:28.289Z] Using project from CLI flag: react-blogs-app-99b27
[debug] [2023-06-21T06:22:28.292Z] >>> [apiv2][query] GET https://firebase.googleapis.com/v1beta1/projects/react-blogs-app-99b27 [none]
[debug] [2023-06-21T06:22:29.024Z] <<< [apiv2][status] GET https://firebase.googleapis.com/v1beta1/projects/react-blogs-app-99b27 200
[debug] [2023-06-21T06:22:29.024Z] <<< [apiv2][body] GET https://firebase.googleapis.com/v1beta1/projects/react-blogs-app-99b27 {"projectId":"react-blogs-app-99b27","projectNumber":"858131880420","displayName":"react-blogs-app","name":"projects/react-blogs-app-99b27","resources":{"hostingSite":"react-blogs-app-99b27","storageBucket":"react-blogs-app-99b27.appspot.com","locationId":"us-central"},"state":"ACTIVE","etag":"1_dcb937fd-210b-4212-9f7f-f89b1fc7ff1c"}
[info] i  Using project react-blogs-app-99b27 (react-blogs-app) 
[info] 
=== Hosting Setup
[info] 
[info] Your public directory is the folder (relative to your project directory) that
[info] will contain Hosting assets to be uploaded with firebase deploy. If you
[info] have a build process for your assets, use your build's output directory.
[info] 
[debug] [2023-06-21T06:23:34.529Z] >>> [apiv2][query] GET https://www.gstatic.com/firebasejs/releases.json [none]
[debug] [2023-06-21T06:23:34.727Z] <<< [apiv2][status] GET https://www.gstatic.com/firebasejs/releases.json 200
[debug] [2023-06-21T06:23:34.727Z] <<< [apiv2][body] GET https://www.gstatic.com/firebasejs/releases.json {"current":{"version":"9.22.2","browserURL":"https://www.gstatic.com/firebasejs/9.22.2/firebase.js","packageURL":"https://www.gstatic.com/firebasejs/9.22.2/firebase.tgz"},"live":{"version":"9.22","browserURL":"https://www.gstatic.com/firebasejs/live/9.22/firebase.js","packageURL":"https://www.gstatic.com/firebasejs/live/9.22/firebase.tgz"},"components":{"analytics":"https://www.gstatic.com/firebasejs/9.22.2/firebase-analytics.js","app":"https://www.gstatic.com/firebasejs/9.22.2/firebase-app.js","app-check":"https://www.gstatic.com/firebasejs/9.22.2/firebase-app-check.js","auth":"https://www.gstatic.com/firebasejs/9.22.2/firebase-auth.js","auth/cordova":"https://www.gstatic.com/firebasejs/9.22.2/firebase-auth/cordova.js","auth/react-native":"https://www.gstatic.com/firebasejs/9.22.2/firebase-auth/react-native.js","functions":"https://www.gstatic.com/firebasejs/9.22.2/firebase-functions.js","firestore":"https://www.gstatic.com/firebasejs/9.22.2/firebase-firestore.js","firestore/lite":"https://www.gstatic.com/firebasejs/9.22.2/firebase-firestore/lite.js","installations":"https://www.gstatic.com/firebasejs/9.22.2/firebase-installations.js","storage":"https://www.gstatic.com/firebasejs/9.22.2/firebase-storage.js","performance":"https://www.gstatic.com/firebasejs/9.22.2/firebase-performance.js","remote-config":"https://www.gstatic.com/firebasejs/9.22.2/firebase-remote-config.js","messaging":"https://www.gstatic.com/firebasejs/9.22.2/firebase-messaging.js","messaging/sw":"https://www.gstatic.com/firebasejs/9.22.2/firebase-messaging/sw.js","database":"https://www.gstatic.com/firebasejs/9.22.2/firebase-database.js","firestore.memory":"https://www.gstatic.com/firebasejs/9.22.2/firebase-firestore.memory.js"}}
[info] +  Wrote build/index.html 
[info] 
[info] i  Detected a .git folder at C:\Users\vulta\Desktop\Github\firebase-blog 
[info] i  Authorizing with GitHub to upload your service account to a GitHub repository's secrets store. 
[info] 
[info] Visit this URL on this device to log in:
[info] https://github.com/login/oauth/authorize?client_id=89cf50f02ac6aaed3484&state=436017674&redirect_uri=http%3A%2F%2Flocalhost%3A9005&scope=read%3Auser%20repo%20public_repo
[info] 
[info] Waiting for authentication...
[debug] [2023-06-21T06:23:56.168Z] >>> [apiv2][query] POST https://github.com/login/oauth/access_token [none]
[debug] [2023-06-21T06:23:56.169Z] >>> [apiv2][body] POST https://github.com/login/oauth/access_token [stream]
[debug] [2023-06-21T06:23:56.947Z] <<< [apiv2][status] POST https://github.com/login/oauth/access_token 200
[debug] [2023-06-21T06:23:56.948Z] <<< [apiv2][body] POST https://github.com/login/oauth/access_token {"access_token":"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","token_type":"bearer","scope":"read:user,repo"}
[debug] [2023-06-21T06:23:56.982Z] >>> [apiv2][query] GET https://api.github.com/user [none]
[debug] [2023-06-21T06:23:57.561Z] <<< [apiv2][status] GET https://api.github.com/user 200
[debug] [2023-06-21T06:23:57.563Z] <<< [apiv2][body] GET https://api.github.com/user {"login":"maaz-mk","id":113509733,"node_id":"U_kgDOBsQFZQ","avatar_url":"https://avatars.githubusercontent.com/u/113509733?v=4","gravatar_id":"","url":"https://api.github.com/users/maaz-mk","html_url":"https://github.com/maaz-mk","followers_url":"https://api.github.com/users/maaz-mk/followers","following_url":"https://api.github.com/users/maaz-mk/following{/other_user}","gists_url":"https://api.github.com/users/maaz-mk/gists{/gist_id}","starred_url":"https://api.github.com/users/maaz-mk/starred{/owner}{/repo}","subscriptions_url":"https://api.github.com/users/maaz-mk/subscriptions","organizations_url":"https://api.github.com/users/maaz-mk/orgs","repos_url":"https://api.github.com/users/maaz-mk/repos","events_url":"https://api.github.com/users/maaz-mk/events{/privacy}","received_events_url":"https://api.github.com/users/maaz-mk/received_events","type":"User","site_admin":false,"name":null,"company":null,"blog":"","location":null,"email":null,"hireable":null,"bio":null,"twitter_username":null,"public_repos":6,"public_gists":0,"followers":0,"following":0,"created_at":"2022-09-14T08:45:05Z","updated_at":"2023-06-21T06:23:49Z","private_gists":0,"total_private_repos":0,"owned_private_repos":0,"disk_usage":417,"collaborators":0,"two_factor_authentication":false,"plan":{"name":"free","space":976562499,"collaborators":0,"private_repos":10000}}
[info] 
[info] +  Success! Logged into GitHub as maaz-mk 
[info] 
[debug] [2023-06-21T06:24:46.824Z] >>> [apiv2][query] GET https://api.github.com/repos/	/actions/secrets/public-key type=owner
[debug] [2023-06-21T06:24:47.538Z] <<< [apiv2][status] GET https://api.github.com/repos/	/actions/secrets/public-key 404
[debug] [2023-06-21T06:24:47.538Z] <<< [apiv2][body] GET https://api.github.com/repos/	/actions/secrets/public-key {"message":"Not Found","documentation_url":"https://docs.github.com/rest"}
[info] 
[info] 
[error] !  The provided authorization cannot be used with this repository. If this repository is in an organization, did you remember to grant access? 
[info] 
[info] i  Action required: Visit this URL to ensure access has been granted to the appropriate organization(s) for the Firebase CLI GitHub OAuth App: 
[info] https://github.com/settings/connections/applications/89cf50f02ac6aaed3484
[info] 
[debug] [2023-06-21T06:24:56.200Z] >>> [apiv2][query] GET https://api.github.com/repos/	repository/actions/secrets/public-key type=owner
[debug] [2023-06-21T06:24:56.856Z] <<< [apiv2][status] GET https://api.github.com/repos/	repository/actions/secrets/public-key 404
[debug] [2023-06-21T06:24:56.856Z] <<< [apiv2][body] GET https://api.github.com/repos/	repository/actions/secrets/public-key {"message":"Not Found","documentation_url":"https://docs.github.com/rest"}
[info] 
[info] 
[error] !  The provided authorization cannot be used with this repository. If this repository is in an organization, did you remember to grant access? 
[info] 
[info] i  Action required: Visit this URL to ensure access has been granted to the appropriate organization(s) for the Firebase CLI GitHub OAuth App: 
[info] https://github.com/settings/connections/applications/89cf50f02ac6aaed3484
[info] 
[debug] [2023-06-21T06:25:13.803Z] >>> [apiv2][query] GET https://api.github.com/repos/repository/actions/secrets/public-key type=owner
[debug] [2023-06-21T06:25:14.352Z] <<< [apiv2][status] GET https://api.github.com/repos/repository/actions/secrets/public-key 404
[debug] [2023-06-21T06:25:14.353Z] <<< [apiv2][body] GET https://api.github.com/repos/repository/actions/secrets/public-key {"message":"Not Found","documentation_url":"https://docs.github.com/rest"}
[info] 
[info] 
[error] !  The provided authorization cannot be used with this repository. If this repository is in an organization, did you remember to grant access? 
[info] 
[info] i  Action required: Visit this URL to ensure access has been granted to the appropriate organization(s) for the Firebase CLI GitHub OAuth App: 
[info] https://github.com/settings/connections/applications/89cf50f02ac6aaed3484
[info] 
